<?xml version="1.0" encoding="UTF-8"?>
<testsuite name="com.personal.first.springProject.SpringProjectApplicationTests" tests="1" skipped="0" failures="0" errors="0" timestamp="2021-08-21T19:21:04" hostname="sant-mac-2.local" time="0.163">
  <properties/>
  <testcase name="contextLoads()" classname="com.personal.first.springProject.SpringProjectApplicationTests" time="0.163"/>
  <system-out><![CDATA[00:51:02.398 [Test worker] DEBUG org.springframework.test.context.BootstrapUtils - Instantiating CacheAwareContextLoaderDelegate from class [org.springframework.test.context.cache.DefaultCacheAwareContextLoaderDelegate]
00:51:02.409 [Test worker] DEBUG org.springframework.test.context.BootstrapUtils - Instantiating BootstrapContext using constructor [public org.springframework.test.context.support.DefaultBootstrapContext(java.lang.Class,org.springframework.test.context.CacheAwareContextLoaderDelegate)]
00:51:02.442 [Test worker] DEBUG org.springframework.test.context.BootstrapUtils - Instantiating TestContextBootstrapper for test class [com.personal.first.springProject.SpringProjectApplicationTests] from class [org.springframework.boot.test.context.SpringBootTestContextBootstrapper]
00:51:02.455 [Test worker] INFO org.springframework.boot.test.context.SpringBootTestContextBootstrapper - Neither @ContextConfiguration nor @ContextHierarchy found for test class [com.personal.first.springProject.SpringProjectApplicationTests], using SpringBootContextLoader
00:51:02.459 [Test worker] DEBUG org.springframework.test.context.support.AbstractContextLoader - Did not detect default resource location for test class [com.personal.first.springProject.SpringProjectApplicationTests]: class path resource [com/personal/first/springProject/SpringProjectApplicationTests-context.xml] does not exist
00:51:02.460 [Test worker] DEBUG org.springframework.test.context.support.AbstractContextLoader - Did not detect default resource location for test class [com.personal.first.springProject.SpringProjectApplicationTests]: class path resource [com/personal/first/springProject/SpringProjectApplicationTestsContext.groovy] does not exist
00:51:02.460 [Test worker] INFO org.springframework.test.context.support.AbstractContextLoader - Could not detect default resource locations for test class [com.personal.first.springProject.SpringProjectApplicationTests]: no resource found for suffixes {-context.xml, Context.groovy}.
00:51:02.461 [Test worker] INFO org.springframework.test.context.support.AnnotationConfigContextLoaderUtils - Could not detect default configuration classes for test class [com.personal.first.springProject.SpringProjectApplicationTests]: SpringProjectApplicationTests does not declare any static, non-private, non-final, nested classes annotated with @Configuration.
00:51:02.500 [Test worker] DEBUG org.springframework.test.context.support.ActiveProfilesUtils - Could not find an 'annotation declaring class' for annotation type [org.springframework.test.context.ActiveProfiles] and class [com.personal.first.springProject.SpringProjectApplicationTests]
00:51:02.559 [Test worker] DEBUG org.springframework.context.annotation.ClassPathScanningCandidateComponentProvider - Identified candidate component class: file [/Users/sangeetat/Documents/Docs/Personal/github/hello-world/build/classes/java/main/com/personal/first/springProject/SpringProjectApplication.class]
00:51:02.560 [Test worker] INFO org.springframework.boot.test.context.SpringBootTestContextBootstrapper - Found @SpringBootConfiguration com.personal.first.springProject.SpringProjectApplication for test class com.personal.first.springProject.SpringProjectApplicationTests
00:51:02.635 [Test worker] DEBUG org.springframework.boot.test.context.SpringBootTestContextBootstrapper - @TestExecutionListeners is not present for class [com.personal.first.springProject.SpringProjectApplicationTests]: using defaults.
00:51:02.636 [Test worker] INFO org.springframework.boot.test.context.SpringBootTestContextBootstrapper - Loaded default TestExecutionListener class names from location [META-INF/spring.factories]: [org.springframework.security.test.context.support.WithSecurityContextTestExecutionListener, org.springframework.security.test.context.support.ReactorContextTestExecutionListener, org.springframework.boot.test.autoconfigure.restdocs.RestDocsTestExecutionListener, org.springframework.boot.test.autoconfigure.web.client.MockRestServiceServerResetTestExecutionListener, org.springframework.boot.test.autoconfigure.web.servlet.MockMvcPrintOnlyOnFailureTestExecutionListener, org.springframework.boot.test.autoconfigure.web.servlet.WebDriverTestExecutionListener, org.springframework.boot.test.autoconfigure.webservices.client.MockWebServiceServerTestExecutionListener, org.springframework.boot.test.mock.mockito.MockitoTestExecutionListener, org.springframework.boot.test.mock.mockito.ResetMocksTestExecutionListener, org.springframework.test.context.web.ServletTestExecutionListener, org.springframework.test.context.support.DirtiesContextBeforeModesTestExecutionListener, org.springframework.test.context.event.ApplicationEventsTestExecutionListener, org.springframework.test.context.support.DependencyInjectionTestExecutionListener, org.springframework.test.context.support.DirtiesContextTestExecutionListener, org.springframework.test.context.transaction.TransactionalTestExecutionListener, org.springframework.test.context.jdbc.SqlScriptsTestExecutionListener, org.springframework.test.context.event.EventPublishingTestExecutionListener]
00:51:02.650 [Test worker] DEBUG org.springframework.boot.test.context.SpringBootTestContextBootstrapper - Skipping candidate TestExecutionListener [org.springframework.test.context.transaction.TransactionalTestExecutionListener] due to a missing dependency. Specify custom listener classes or make the default listener classes and their required dependencies available. Offending class: [org/springframework/transaction/TransactionDefinition]
00:51:02.650 [Test worker] DEBUG org.springframework.boot.test.context.SpringBootTestContextBootstrapper - Skipping candidate TestExecutionListener [org.springframework.test.context.jdbc.SqlScriptsTestExecutionListener] due to a missing dependency. Specify custom listener classes or make the default listener classes and their required dependencies available. Offending class: [org/springframework/transaction/interceptor/TransactionAttribute]
00:51:02.651 [Test worker] INFO org.springframework.boot.test.context.SpringBootTestContextBootstrapper - Using TestExecutionListeners: [org.springframework.test.context.web.ServletTestExecutionListener@5b7d51c3, org.springframework.test.context.support.DirtiesContextBeforeModesTestExecutionListener@3b6f493e, org.springframework.test.context.event.ApplicationEventsTestExecutionListener@6d5f9b5c, org.springframework.boot.test.mock.mockito.MockitoTestExecutionListener@5f3e6cb1, org.springframework.boot.test.autoconfigure.SpringBootDependencyInjectionTestExecutionListener@6efccddc, org.springframework.test.context.support.DirtiesContextTestExecutionListener@2f1b4f84, org.springframework.security.test.context.support.WithSecurityContextTestExecutionListener@3e8fb440, org.springframework.test.context.event.EventPublishingTestExecutionListener@12f80cc4, org.springframework.security.test.context.support.ReactorContextTestExecutionListener@1a62b16a, org.springframework.boot.test.autoconfigure.restdocs.RestDocsTestExecutionListener@6ff0bacd, org.springframework.boot.test.autoconfigure.web.client.MockRestServiceServerResetTestExecutionListener@2c9e3ec7, org.springframework.boot.test.autoconfigure.web.servlet.MockMvcPrintOnlyOnFailureTestExecutionListener@7ed299bc, org.springframework.boot.test.autoconfigure.web.servlet.WebDriverTestExecutionListener@71349eed, org.springframework.boot.test.autoconfigure.webservices.client.MockWebServiceServerTestExecutionListener@1b7864d4, org.springframework.boot.test.mock.mockito.ResetMocksTestExecutionListener@464d097a]
00:51:02.654 [Test worker] DEBUG org.springframework.test.context.support.AbstractDirtiesContextTestExecutionListener - Before test class: context [DefaultTestContext@258f46a4 testClass = SpringProjectApplicationTests, testInstance = [null], testMethod = [null], testException = [null], mergedContextConfiguration = [WebMergedContextConfiguration@7c0aae1c testClass = SpringProjectApplicationTests, locations = '{}', classes = '{class com.personal.first.springProject.SpringProjectApplication}', contextInitializerClasses = '[]', activeProfiles = '{}', propertySourceLocations = '{}', propertySourceProperties = '{org.springframework.boot.test.context.SpringBootTestContextBootstrapper=true}', contextCustomizers = set[org.springframework.boot.test.autoconfigure.actuate.metrics.MetricsExportContextCustomizerFactory$DisableMetricExportContextCustomizer@1fb66200, org.springframework.boot.test.autoconfigure.properties.PropertyMappingContextCustomizer@0, org.springframework.boot.test.autoconfigure.web.servlet.WebDriverContextCustomizerFactory$Customizer@2405f34b, org.springframework.boot.test.context.filter.ExcludeFilterContextCustomizer@6da47db, org.springframework.boot.test.json.DuplicateJsonObjectContextCustomizerFactory$DuplicateJsonObjectContextCustomizer@24cc8d14, org.springframework.boot.test.mock.mockito.MockitoContextCustomizer@0, org.springframework.boot.test.web.client.TestRestTemplateContextCustomizer@3cd791f7, org.springframework.boot.test.context.SpringBootTestArgs@1, org.springframework.boot.test.context.SpringBootTestWebEnvironment@7a94d3e6], resourceBasePath = 'src/main/webapp', contextLoader = 'org.springframework.boot.test.context.SpringBootContextLoader', parent = [null]], attributes = map['org.springframework.test.context.web.ServletTestExecutionListener.activateListener' -> true]], class annotated with @DirtiesContext [false] with mode [null].
00:51:02.678 [Test worker] DEBUG org.springframework.test.context.support.TestPropertySourceUtils - Adding inlined properties to environment: {spring.jmx.enabled=false, org.springframework.boot.test.context.SpringBootTestContextBootstrapper=true}

  .   ____          _            __ _ _
 /\\ / ___'_ __ _ _(_)_ __  __ _ \ \ \ \
( ( )\___ | '_ | '_| | '_ \/ _` | \ \ \ \
 \\/  ___)| |_)| | | | | || (_| |  ) ) ) )
  '  |____| .__|_| |_|_| |_\__, | / / / /
 =========|_|==============|___/=/_/_/_/
 :: Spring Boot ::                (v2.5.3)

2021-08-22 00:51:02.874  INFO 68060 --- [    Test worker] c.p.f.s.SpringProjectApplicationTests    : Starting SpringProjectApplicationTests using Java 1.8.0_221 on sant-mac-2.local with PID 68060 (started by sangeetat in /Users/sangeetat/Documents/Docs/Personal/github/hello-world)
2021-08-22 00:51:02.877  INFO 68060 --- [    Test worker] c.p.f.s.SpringProjectApplicationTests    : No active profile set, falling back to default profiles: default
2021-08-22 00:51:04.021  INFO 68060 --- [    Test worker] .s.s.UserDetailsServiceAutoConfiguration : 

Using generated security password: 45e55a9c-08f1-4043-bd97-5ac3f63c421e

2021-08-22 00:51:04.209  INFO 68060 --- [    Test worker] o.s.s.web.DefaultSecurityFilterChain     : Will secure any request with [org.springframework.security.web.context.request.async.WebAsyncManagerIntegrationFilter@4750fc88, org.springframework.security.web.context.SecurityContextPersistenceFilter@1f684f1e, org.springframework.security.web.header.HeaderWriterFilter@4cad9774, org.springframework.security.web.csrf.CsrfFilter@1a888ca8, org.springframework.security.web.authentication.logout.LogoutFilter@266e1678, org.springframework.security.web.authentication.UsernamePasswordAuthenticationFilter@398e7e43, org.springframework.security.web.authentication.ui.DefaultLoginPageGeneratingFilter@176cdb93, org.springframework.security.web.authentication.ui.DefaultLogoutPageGeneratingFilter@652eab54, org.springframework.security.web.authentication.www.BasicAuthenticationFilter@73e236dc, org.springframework.security.web.savedrequest.RequestCacheAwareFilter@38d9deec, org.springframework.security.web.servletapi.SecurityContextHolderAwareRequestFilter@cc05a5b, org.springframework.security.web.authentication.AnonymousAuthenticationFilter@71835fb, org.springframework.security.web.session.SessionManagementFilter@59432f8b, org.springframework.security.web.access.ExceptionTranslationFilter@64033315, org.springframework.security.web.access.intercept.FilterSecurityInterceptor@1b3afcf3]
2021-08-22 00:51:04.293  INFO 68060 --- [    Test worker] c.p.f.s.SpringProjectApplicationTests    : Started SpringProjectApplicationTests in 1.609 seconds (JVM running for 2.533)
]]></system-out>
  <system-err><![CDATA[]]></system-err>
</testsuite>
